<?xml version="1.0" encoding="UTF-8"?>
<!-- Generated by org.testng.reporters.JUnitReportReporter -->
<testsuite hostname="samet-PC" failures="0" tests="17" name="tests.US_03_Test_PutTest" time="151.943" errors="0" timestamp="2021-01-11T01:52:25 CET" skipped="0">
  <testcase classname="tests.US_03_Test_PutTest" name="TC0305" time="2.932"/>
  <system-out/>
  <testcase classname="tests.US_03_Test_PutTest" name="TC0302" time="3.542"/>
  <system-out/>
  <testcase classname="tests.US_03_Test_PutTest" name="TC0312" time="33.387"/>
  <system-out/>
  <testcase classname="tests.US_03_Test_PutTest" name="TC0314" time="3.579"/>
  <system-out/>
  <testcase classname="tests.US_03_Test_PutTest" name="TC0317" time="3.587"/>
  <system-out/>
  <testcase classname="tests.US_03_Test_PutTest" name="TC0307" time="2.754"/>
  <system-out/>
  <testcase classname="tests.US_03_Test_PutTest" name="TC0308" time="2.871"/>
  <system-out/>
  <testcase classname="tests.US_03_Test_PutTest" name="TC0310" time="11.785"/>
  <system-out/>
  <testcase classname="tests.US_03_Test_PutTest" name="TC0306" time="2.892"/>
  <system-out/>
  <testcase classname="tests.US_03_Test_PutTest" name="TC0313" time="42.871"/>
  <system-out/>
  <testcase classname="tests.US_03_Test_PutTest" name="TC0309" time="3.640"/>
  <system-out/>
  <testcase classname="tests.US_03_Test_PutTest" name="TC0316" time="2.711"/>
  <system-out/>
  <testcase classname="tests.US_03_Test_PutTest" name="TC0311" time="21.634"/>
  <system-out/>
  <testcase classname="tests.US_03_Test_PutTest" name="TC0303" time="2.897"/>
  <system-out/>
  <testcase classname="tests.US_03_Test_PutTest" name="TC0304" time="3.433"/>
  <system-out/>
  <testcase classname="tests.US_03_Test_PutTest" name="TC0301" time="3.627"/>
  <system-out/>
  <testcase classname="tests.US_03_Test_PutTest" name="TC0315" time="3.801"/>
  <system-out/>
</testsuite> <!-- tests.US_03_Test_PutTest -->
