<?xml version="1.0" encoding="UTF-8"?>
<!-- Generated by org.testng.reporters.JUnitReportReporter -->
<testsuite hostname="samet-PC" failures="0" tests="1" name="tests.US_04_Test_DeleteTest" time="5.202" errors="0" timestamp="2021-01-11T01:52:25 CET" skipped="0">
  <testcase classname="tests.US_04_Test_DeleteTest" name="TC0301" time="5.202"/>
  <system-out/>
</testsuite> <!-- tests.US_04_Test_DeleteTest -->
