<?xml version="1.0" encoding="UTF-8"?>
<!-- Generated by org.testng.reporters.JUnitReportReporter -->
<testsuite hostname="samet-PC" failures="0" tests="2" name="tests.Get01DenemeTest" time="199.399" errors="0" timestamp="2021-01-11T01:52:25 CET" skipped="0">
  <testcase classname="tests.Get01DenemeTest" name="TC01" time="6.310"/>
  <system-out/>
  <testcase classname="tests.Get01DenemeTest" name="TC02" time="193.089"/>
  <system-out/>
</testsuite> <!-- tests.Get01DenemeTest -->
